ERROR - 2022-07-13 06:46:16 --> Cannot add or update a child row: a foreign key constraint fails (`sistem_antrian`.`loket`, CONSTRAINT `loket_ibfk_1` FOREIGN KEY (`pelayanan_id`) REFERENCES `pelayanan` (`id`))
CRITICAL - 2022-07-13 06:46:16 --> Cannot add or update a child row: a foreign key constraint fails (`sistem_antrian`.`loket`, CONSTRAINT `loket_ibfk_1` FOREIGN KEY (`pelayanan_id`) REFERENCES `pelayanan` (`id`))
#0 C:\xampp\htdocs\uas-loket-shobahus-s\ci4\system\Database\MySQLi\Connection.php(292): mysqli->query('INSERT INTO `lo...', 0)
#1 C:\xampp\htdocs\uas-loket-shobahus-s\ci4\system\Database\BaseConnection.php(670): CodeIgniter\Database\MySQLi\Connection->execute('INSERT INTO `lo...')
#2 C:\xampp\htdocs\uas-loket-shobahus-s\ci4\system\Database\BaseConnection.php(598): CodeIgniter\Database\BaseConnection->simpleQuery('INSERT INTO `lo...')
#3 C:\xampp\htdocs\uas-loket-shobahus-s\ci4\system\Database\BaseBuilder.php(1771): CodeIgniter\Database\BaseConnection->query('INSERT INTO `lo...', Array, false)
#4 C:\xampp\htdocs\uas-loket-shobahus-s\ci4\system\Model.php(239): CodeIgniter\Database\BaseBuilder->insert()
#5 C:\xampp\htdocs\uas-loket-shobahus-s\ci4\system\BaseModel.php(738): CodeIgniter\Model->doInsert(Array)
#6 C:\xampp\htdocs\uas-loket-shobahus-s\ci4\system\Model.php(625): CodeIgniter\BaseModel->insert(Array, false)
#7 C:\xampp\htdocs\uas-loket-shobahus-s\ci4\system\BaseModel.php(658): CodeIgniter\Model->insert(Array, false)
#8 C:\xampp\htdocs\uas-loket-shobahus-s\ci4\app\Controllers\Pelayanan.php(67): CodeIgniter\BaseModel->save(Array)
#9 C:\xampp\htdocs\uas-loket-shobahus-s\ci4\system\CodeIgniter.php(832): App\Controllers\Pelayanan->simpan()
#10 C:\xampp\htdocs\uas-loket-shobahus-s\ci4\system\CodeIgniter.php(419): CodeIgniter\CodeIgniter->runController(Object(App\Controllers\Pelayanan))
#11 C:\xampp\htdocs\uas-loket-shobahus-s\ci4\system\CodeIgniter.php(326): CodeIgniter\CodeIgniter->handleRequest(NULL, Object(Config\Cache), false)
#12 C:\xampp\htdocs\uas-loket-shobahus-s\ci4\public\index.php(37): CodeIgniter\CodeIgniter->run()
#13 C:\xampp\htdocs\uas-loket-shobahus-s\ci4\system\Commands\Server\rewrite.php(43): require_once('C:\\xampp\\htdocs...')
#14 {main}
ERROR - 2022-07-13 06:46:25 --> Cannot add or update a child row: a foreign key constraint fails (`sistem_antrian`.`loket`, CONSTRAINT `loket_ibfk_1` FOREIGN KEY (`pelayanan_id`) REFERENCES `pelayanan` (`id`))
CRITICAL - 2022-07-13 06:46:25 --> Cannot add or update a child row: a foreign key constraint fails (`sistem_antrian`.`loket`, CONSTRAINT `loket_ibfk_1` FOREIGN KEY (`pelayanan_id`) REFERENCES `pelayanan` (`id`))
#0 C:\xampp\htdocs\uas-loket-shobahus-s\ci4\system\Database\MySQLi\Connection.php(292): mysqli->query('INSERT INTO `lo...', 0)
#1 C:\xampp\htdocs\uas-loket-shobahus-s\ci4\system\Database\BaseConnection.php(670): CodeIgniter\Database\MySQLi\Connection->execute('INSERT INTO `lo...')
#2 C:\xampp\htdocs\uas-loket-shobahus-s\ci4\system\Database\BaseConnection.php(598): CodeIgniter\Database\BaseConnection->simpleQuery('INSERT INTO `lo...')
#3 C:\xampp\htdocs\uas-loket-shobahus-s\ci4\system\Database\BaseBuilder.php(1771): CodeIgniter\Database\BaseConnection->query('INSERT INTO `lo...', Array, false)
#4 C:\xampp\htdocs\uas-loket-shobahus-s\ci4\system\Model.php(239): CodeIgniter\Database\BaseBuilder->insert()
#5 C:\xampp\htdocs\uas-loket-shobahus-s\ci4\system\BaseModel.php(738): CodeIgniter\Model->doInsert(Array)
#6 C:\xampp\htdocs\uas-loket-shobahus-s\ci4\system\Model.php(625): CodeIgniter\BaseModel->insert(Array, false)
#7 C:\xampp\htdocs\uas-loket-shobahus-s\ci4\system\BaseModel.php(658): CodeIgniter\Model->insert(Array, false)
#8 C:\xampp\htdocs\uas-loket-shobahus-s\ci4\app\Controllers\Pelayanan.php(67): CodeIgniter\BaseModel->save(Array)
#9 C:\xampp\htdocs\uas-loket-shobahus-s\ci4\system\CodeIgniter.php(832): App\Controllers\Pelayanan->simpan()
#10 C:\xampp\htdocs\uas-loket-shobahus-s\ci4\system\CodeIgniter.php(419): CodeIgniter\CodeIgniter->runController(Object(App\Controllers\Pelayanan))
#11 C:\xampp\htdocs\uas-loket-shobahus-s\ci4\system\CodeIgniter.php(326): CodeIgniter\CodeIgniter->handleRequest(NULL, Object(Config\Cache), false)
#12 C:\xampp\htdocs\uas-loket-shobahus-s\ci4\public\index.php(37): CodeIgniter\CodeIgniter->run()
#13 C:\xampp\htdocs\uas-loket-shobahus-s\ci4\system\Commands\Server\rewrite.php(43): require_once('C:\\xampp\\htdocs...')
#14 {main}
CRITICAL - 2022-07-13 06:49:41 --> Trying to access array offset on value of type null
#0 C:\xampp\htdocs\uas-loket-shobahus-s\ci4\app\Views\loket\ambil_loket.php(12): CodeIgniter\Debug\Exceptions->errorHandler(2, 'Trying to acces...', 'C:\\xampp\\htdocs...', 12)
#1 C:\xampp\htdocs\uas-loket-shobahus-s\ci4\system\View\View.php(210): include('C:\\xampp\\htdocs...')
#2 C:\xampp\htdocs\uas-loket-shobahus-s\ci4\system\View\View.php(213): CodeIgniter\View\View->CodeIgniter\View\{closure}()
#3 C:\xampp\htdocs\uas-loket-shobahus-s\ci4\system\Common.php(1089): CodeIgniter\View\View->render('/loket/ambil_lo...', Array, true)
#4 C:\xampp\htdocs\uas-loket-shobahus-s\ci4\app\Controllers\Loket.php(73): view('/loket/ambil_lo...', Array)
#5 C:\xampp\htdocs\uas-loket-shobahus-s\ci4\system\CodeIgniter.php(832): App\Controllers\Loket->panggil('<https:', 'pngimage.net', 'wp-content', 'uploads', '2018', '06', 'logo-rumah-saki...')
#6 C:\xampp\htdocs\uas-loket-shobahus-s\ci4\system\CodeIgniter.php(419): CodeIgniter\CodeIgniter->runController(Object(App\Controllers\Loket))
#7 C:\xampp\htdocs\uas-loket-shobahus-s\ci4\system\CodeIgniter.php(326): CodeIgniter\CodeIgniter->handleRequest(NULL, Object(Config\Cache), false)
#8 C:\xampp\htdocs\uas-loket-shobahus-s\ci4\public\index.php(37): CodeIgniter\CodeIgniter->run()
#9 C:\xampp\htdocs\uas-loket-shobahus-s\ci4\system\Commands\Server\rewrite.php(43): require_once('C:\\xampp\\htdocs...')
#10 {main}
CRITICAL - 2022-07-13 06:58:24 --> Trying to access array offset on value of type null
#0 C:\xampp\htdocs\uas-loket-shobahus-s\ci4\app\Views\loket\ambil_loket.php(12): CodeIgniter\Debug\Exceptions->errorHandler(2, 'Trying to acces...', 'C:\\xampp\\htdocs...', 12)
#1 C:\xampp\htdocs\uas-loket-shobahus-s\ci4\system\View\View.php(210): include('C:\\xampp\\htdocs...')
#2 C:\xampp\htdocs\uas-loket-shobahus-s\ci4\system\View\View.php(213): CodeIgniter\View\View->CodeIgniter\View\{closure}()
#3 C:\xampp\htdocs\uas-loket-shobahus-s\ci4\system\Common.php(1089): CodeIgniter\View\View->render('/loket/ambil_lo...', Array, true)
#4 C:\xampp\htdocs\uas-loket-shobahus-s\ci4\app\Controllers\Loket.php(73): view('/loket/ambil_lo...', Array)
#5 C:\xampp\htdocs\uas-loket-shobahus-s\ci4\system\CodeIgniter.php(832): App\Controllers\Loket->panggil('17')
#6 C:\xampp\htdocs\uas-loket-shobahus-s\ci4\system\CodeIgniter.php(419): CodeIgniter\CodeIgniter->runController(Object(App\Controllers\Loket))
#7 C:\xampp\htdocs\uas-loket-shobahus-s\ci4\system\CodeIgniter.php(326): CodeIgniter\CodeIgniter->handleRequest(NULL, Object(Config\Cache), false)
#8 C:\xampp\htdocs\uas-loket-shobahus-s\ci4\public\index.php(37): CodeIgniter\CodeIgniter->run()
#9 C:\xampp\htdocs\uas-loket-shobahus-s\ci4\system\Commands\Server\rewrite.php(43): require_once('C:\\xampp\\htdocs...')
#10 {main}
CRITICAL - 2022-07-13 06:58:34 --> Trying to access array offset on value of type null
#0 C:\xampp\htdocs\uas-loket-shobahus-s\ci4\app\Views\loket\ambil_loket.php(12): CodeIgniter\Debug\Exceptions->errorHandler(2, 'Trying to acces...', 'C:\\xampp\\htdocs...', 12)
#1 C:\xampp\htdocs\uas-loket-shobahus-s\ci4\system\View\View.php(210): include('C:\\xampp\\htdocs...')
#2 C:\xampp\htdocs\uas-loket-shobahus-s\ci4\system\View\View.php(213): CodeIgniter\View\View->CodeIgniter\View\{closure}()
#3 C:\xampp\htdocs\uas-loket-shobahus-s\ci4\system\Common.php(1089): CodeIgniter\View\View->render('/loket/ambil_lo...', Array, true)
#4 C:\xampp\htdocs\uas-loket-shobahus-s\ci4\app\Controllers\Loket.php(73): view('/loket/ambil_lo...', Array)
#5 C:\xampp\htdocs\uas-loket-shobahus-s\ci4\system\CodeIgniter.php(832): App\Controllers\Loket->panggil('$1')
#6 C:\xampp\htdocs\uas-loket-shobahus-s\ci4\system\CodeIgniter.php(419): CodeIgniter\CodeIgniter->runController(Object(App\Controllers\Loket))
#7 C:\xampp\htdocs\uas-loket-shobahus-s\ci4\system\CodeIgniter.php(326): CodeIgniter\CodeIgniter->handleRequest(NULL, Object(Config\Cache), false)
#8 C:\xampp\htdocs\uas-loket-shobahus-s\ci4\public\index.php(37): CodeIgniter\CodeIgniter->run()
#9 C:\xampp\htdocs\uas-loket-shobahus-s\ci4\system\Commands\Server\rewrite.php(43): require_once('C:\\xampp\\htdocs...')
#10 {main}
