CRITICAL - 2022-07-12 04:55:09 --> Trying to access array offset on value of type null
#0 C:\xampp\htdocs\uas-loket-shobahus-s\ci4\app\Views\loket\ambil_loket.php(12): CodeIgniter\Debug\Exceptions->errorHandler(2, 'Trying to acces...', 'C:\\xampp\\htdocs...', 12)
#1 C:\xampp\htdocs\uas-loket-shobahus-s\ci4\system\View\View.php(210): include('C:\\xampp\\htdocs...')
#2 C:\xampp\htdocs\uas-loket-shobahus-s\ci4\system\View\View.php(213): CodeIgniter\View\View->CodeIgniter\View\{closure}()
#3 C:\xampp\htdocs\uas-loket-shobahus-s\ci4\system\Common.php(1089): CodeIgniter\View\View->render('/loket/ambil_lo...', Array, true)
#4 C:\xampp\htdocs\uas-loket-shobahus-s\ci4\app\Controllers\Loket.php(73): view('/loket/ambil_lo...', Array)
#5 C:\xampp\htdocs\uas-loket-shobahus-s\ci4\system\CodeIgniter.php(832): App\Controllers\Loket->panggil('<https:', 'pngimage.net', 'wp-content', 'uploads', '2018', '06', 'logo-rumah-saki...')
#6 C:\xampp\htdocs\uas-loket-shobahus-s\ci4\system\CodeIgniter.php(419): CodeIgniter\CodeIgniter->runController(Object(App\Controllers\Loket))
#7 C:\xampp\htdocs\uas-loket-shobahus-s\ci4\system\CodeIgniter.php(326): CodeIgniter\CodeIgniter->handleRequest(NULL, Object(Config\Cache), false)
#8 C:\xampp\htdocs\uas-loket-shobahus-s\ci4\public\index.php(37): CodeIgniter\CodeIgniter->run()
#9 C:\xampp\htdocs\uas-loket-shobahus-s\ci4\system\Commands\Server\rewrite.php(43): require_once('C:\\xampp\\htdocs...')
#10 {main}
CRITICAL - 2022-07-12 05:00:25 --> Trying to access array offset on value of type null
#0 C:\xampp\htdocs\uas-loket-shobahus-s\ci4\app\Views\loket\ambil_loket.php(12): CodeIgniter\Debug\Exceptions->errorHandler(2, 'Trying to acces...', 'C:\\xampp\\htdocs...', 12)
#1 C:\xampp\htdocs\uas-loket-shobahus-s\ci4\system\View\View.php(210): include('C:\\xampp\\htdocs...')
#2 C:\xampp\htdocs\uas-loket-shobahus-s\ci4\system\View\View.php(213): CodeIgniter\View\View->CodeIgniter\View\{closure}()
#3 C:\xampp\htdocs\uas-loket-shobahus-s\ci4\system\Common.php(1089): CodeIgniter\View\View->render('/loket/ambil_lo...', Array, true)
#4 C:\xampp\htdocs\uas-loket-shobahus-s\ci4\app\Controllers\Loket.php(73): view('/loket/ambil_lo...', Array)
#5 C:\xampp\htdocs\uas-loket-shobahus-s\ci4\system\CodeIgniter.php(832): App\Controllers\Loket->panggil('<https:', 'pngimage.net', 'wp-content', 'uploads', '2018', '06', 'logo-rumah-saki...')
#6 C:\xampp\htdocs\uas-loket-shobahus-s\ci4\system\CodeIgniter.php(419): CodeIgniter\CodeIgniter->runController(Object(App\Controllers\Loket))
#7 C:\xampp\htdocs\uas-loket-shobahus-s\ci4\system\CodeIgniter.php(326): CodeIgniter\CodeIgniter->handleRequest(NULL, Object(Config\Cache), false)
#8 C:\xampp\htdocs\uas-loket-shobahus-s\ci4\public\index.php(37): CodeIgniter\CodeIgniter->run()
#9 C:\xampp\htdocs\uas-loket-shobahus-s\ci4\system\Commands\Server\rewrite.php(43): require_once('C:\\xampp\\htdocs...')
#10 {main}
CRITICAL - 2022-07-12 05:01:51 --> Trying to access array offset on value of type null
#0 C:\xampp\htdocs\uas-loket-shobahus-s\ci4\app\Views\loket\ambil_loket.php(12): CodeIgniter\Debug\Exceptions->errorHandler(2, 'Trying to acces...', 'C:\\xampp\\htdocs...', 12)
#1 C:\xampp\htdocs\uas-loket-shobahus-s\ci4\system\View\View.php(210): include('C:\\xampp\\htdocs...')
#2 C:\xampp\htdocs\uas-loket-shobahus-s\ci4\system\View\View.php(213): CodeIgniter\View\View->CodeIgniter\View\{closure}()
#3 C:\xampp\htdocs\uas-loket-shobahus-s\ci4\system\Common.php(1089): CodeIgniter\View\View->render('/loket/ambil_lo...', Array, true)
#4 C:\xampp\htdocs\uas-loket-shobahus-s\ci4\app\Controllers\Loket.php(73): view('/loket/ambil_lo...', Array)
#5 C:\xampp\htdocs\uas-loket-shobahus-s\ci4\system\CodeIgniter.php(832): App\Controllers\Loket->panggil('<https:', 'pngimage.net', 'wp-content', 'uploads', '2018', '06', 'logo-rumah-saki...')
#6 C:\xampp\htdocs\uas-loket-shobahus-s\ci4\system\CodeIgniter.php(419): CodeIgniter\CodeIgniter->runController(Object(App\Controllers\Loket))
#7 C:\xampp\htdocs\uas-loket-shobahus-s\ci4\system\CodeIgniter.php(326): CodeIgniter\CodeIgniter->handleRequest(NULL, Object(Config\Cache), false)
#8 C:\xampp\htdocs\uas-loket-shobahus-s\ci4\public\index.php(37): CodeIgniter\CodeIgniter->run()
#9 C:\xampp\htdocs\uas-loket-shobahus-s\ci4\system\Commands\Server\rewrite.php(43): require_once('C:\\xampp\\htdocs...')
#10 {main}
CRITICAL - 2022-07-12 05:02:36 --> Trying to access array offset on value of type null
#0 C:\xampp\htdocs\uas-loket-shobahus-s\ci4\app\Views\loket\ambil_loket.php(12): CodeIgniter\Debug\Exceptions->errorHandler(2, 'Trying to acces...', 'C:\\xampp\\htdocs...', 12)
#1 C:\xampp\htdocs\uas-loket-shobahus-s\ci4\system\View\View.php(210): include('C:\\xampp\\htdocs...')
#2 C:\xampp\htdocs\uas-loket-shobahus-s\ci4\system\View\View.php(213): CodeIgniter\View\View->CodeIgniter\View\{closure}()
#3 C:\xampp\htdocs\uas-loket-shobahus-s\ci4\system\Common.php(1089): CodeIgniter\View\View->render('/loket/ambil_lo...', Array, true)
#4 C:\xampp\htdocs\uas-loket-shobahus-s\ci4\app\Controllers\Loket.php(73): view('/loket/ambil_lo...', Array)
#5 C:\xampp\htdocs\uas-loket-shobahus-s\ci4\system\CodeIgniter.php(832): App\Controllers\Loket->panggil('<https:', 'pngimage.net', 'wp-content', 'uploads', '2018', '06', 'logo-rumah-saki...')
#6 C:\xampp\htdocs\uas-loket-shobahus-s\ci4\system\CodeIgniter.php(419): CodeIgniter\CodeIgniter->runController(Object(App\Controllers\Loket))
#7 C:\xampp\htdocs\uas-loket-shobahus-s\ci4\system\CodeIgniter.php(326): CodeIgniter\CodeIgniter->handleRequest(NULL, Object(Config\Cache), false)
#8 C:\xampp\htdocs\uas-loket-shobahus-s\ci4\public\index.php(37): CodeIgniter\CodeIgniter->run()
#9 C:\xampp\htdocs\uas-loket-shobahus-s\ci4\system\Commands\Server\rewrite.php(43): require_once('C:\\xampp\\htdocs...')
#10 {main}
CRITICAL - 2022-07-12 05:30:11 --> Trying to access array offset on value of type null
#0 C:\xampp\htdocs\uas-loket-shobahus-s\ci4\app\Views\loket\ambil_loket.php(12): CodeIgniter\Debug\Exceptions->errorHandler(2, 'Trying to acces...', 'C:\\xampp\\htdocs...', 12)
#1 C:\xampp\htdocs\uas-loket-shobahus-s\ci4\system\View\View.php(210): include('C:\\xampp\\htdocs...')
#2 C:\xampp\htdocs\uas-loket-shobahus-s\ci4\system\View\View.php(213): CodeIgniter\View\View->CodeIgniter\View\{closure}()
#3 C:\xampp\htdocs\uas-loket-shobahus-s\ci4\system\Common.php(1089): CodeIgniter\View\View->render('/loket/ambil_lo...', Array, true)
#4 C:\xampp\htdocs\uas-loket-shobahus-s\ci4\app\Controllers\Loket.php(73): view('/loket/ambil_lo...', Array)
#5 C:\xampp\htdocs\uas-loket-shobahus-s\ci4\system\CodeIgniter.php(832): App\Controllers\Loket->panggil('<https:', 'pngimage.net', 'wp-content', 'uploads', '2018', '06', 'logo-rumah-saki...')
#6 C:\xampp\htdocs\uas-loket-shobahus-s\ci4\system\CodeIgniter.php(419): CodeIgniter\CodeIgniter->runController(Object(App\Controllers\Loket))
#7 C:\xampp\htdocs\uas-loket-shobahus-s\ci4\system\CodeIgniter.php(326): CodeIgniter\CodeIgniter->handleRequest(NULL, Object(Config\Cache), false)
#8 C:\xampp\htdocs\uas-loket-shobahus-s\ci4\public\index.php(37): CodeIgniter\CodeIgniter->run()
#9 C:\xampp\htdocs\uas-loket-shobahus-s\ci4\system\Commands\Server\rewrite.php(43): require_once('C:\\xampp\\htdocs...')
#10 {main}
CRITICAL - 2022-07-12 05:30:24 --> Trying to access array offset on value of type null
#0 C:\xampp\htdocs\uas-loket-shobahus-s\ci4\app\Views\loket\ambil_loket.php(12): CodeIgniter\Debug\Exceptions->errorHandler(2, 'Trying to acces...', 'C:\\xampp\\htdocs...', 12)
#1 C:\xampp\htdocs\uas-loket-shobahus-s\ci4\system\View\View.php(210): include('C:\\xampp\\htdocs...')
#2 C:\xampp\htdocs\uas-loket-shobahus-s\ci4\system\View\View.php(213): CodeIgniter\View\View->CodeIgniter\View\{closure}()
#3 C:\xampp\htdocs\uas-loket-shobahus-s\ci4\system\Common.php(1089): CodeIgniter\View\View->render('/loket/ambil_lo...', Array, true)
#4 C:\xampp\htdocs\uas-loket-shobahus-s\ci4\app\Controllers\Loket.php(73): view('/loket/ambil_lo...', Array)
#5 C:\xampp\htdocs\uas-loket-shobahus-s\ci4\system\CodeIgniter.php(832): App\Controllers\Loket->panggil('<https:', 'pngimage.net', 'wp-content', 'uploads', '2018', '06', 'logo-rumah-saki...')
#6 C:\xampp\htdocs\uas-loket-shobahus-s\ci4\system\CodeIgniter.php(419): CodeIgniter\CodeIgniter->runController(Object(App\Controllers\Loket))
#7 C:\xampp\htdocs\uas-loket-shobahus-s\ci4\system\CodeIgniter.php(326): CodeIgniter\CodeIgniter->handleRequest(NULL, Object(Config\Cache), false)
#8 C:\xampp\htdocs\uas-loket-shobahus-s\ci4\public\index.php(37): CodeIgniter\CodeIgniter->run()
#9 C:\xampp\htdocs\uas-loket-shobahus-s\ci4\system\Commands\Server\rewrite.php(43): require_once('C:\\xampp\\htdocs...')
#10 {main}
CRITICAL - 2022-07-12 05:30:34 --> Trying to access array offset on value of type null
#0 C:\xampp\htdocs\uas-loket-shobahus-s\ci4\app\Views\loket\ambil_loket.php(12): CodeIgniter\Debug\Exceptions->errorHandler(2, 'Trying to acces...', 'C:\\xampp\\htdocs...', 12)
#1 C:\xampp\htdocs\uas-loket-shobahus-s\ci4\system\View\View.php(210): include('C:\\xampp\\htdocs...')
#2 C:\xampp\htdocs\uas-loket-shobahus-s\ci4\system\View\View.php(213): CodeIgniter\View\View->CodeIgniter\View\{closure}()
#3 C:\xampp\htdocs\uas-loket-shobahus-s\ci4\system\Common.php(1089): CodeIgniter\View\View->render('/loket/ambil_lo...', Array, true)
#4 C:\xampp\htdocs\uas-loket-shobahus-s\ci4\app\Controllers\Loket.php(73): view('/loket/ambil_lo...', Array)
#5 C:\xampp\htdocs\uas-loket-shobahus-s\ci4\system\CodeIgniter.php(832): App\Controllers\Loket->panggil('<https:', 'pngimage.net', 'wp-content', 'uploads', '2018', '06', 'logo-rumah-saki...')
#6 C:\xampp\htdocs\uas-loket-shobahus-s\ci4\system\CodeIgniter.php(419): CodeIgniter\CodeIgniter->runController(Object(App\Controllers\Loket))
#7 C:\xampp\htdocs\uas-loket-shobahus-s\ci4\system\CodeIgniter.php(326): CodeIgniter\CodeIgniter->handleRequest(NULL, Object(Config\Cache), false)
#8 C:\xampp\htdocs\uas-loket-shobahus-s\ci4\public\index.php(37): CodeIgniter\CodeIgniter->run()
#9 C:\xampp\htdocs\uas-loket-shobahus-s\ci4\system\Commands\Server\rewrite.php(43): require_once('C:\\xampp\\htdocs...')
#10 {main}
CRITICAL - 2022-07-12 08:05:33 --> Trying to access array offset on value of type null
#0 C:\xampp\htdocs\uas-loket-shobahus-s\ci4\app\Views\loket\ambil_loket.php(12): CodeIgniter\Debug\Exceptions->errorHandler(2, 'Trying to acces...', 'C:\\xampp\\htdocs...', 12)
#1 C:\xampp\htdocs\uas-loket-shobahus-s\ci4\system\View\View.php(210): include('C:\\xampp\\htdocs...')
#2 C:\xampp\htdocs\uas-loket-shobahus-s\ci4\system\View\View.php(213): CodeIgniter\View\View->CodeIgniter\View\{closure}()
#3 C:\xampp\htdocs\uas-loket-shobahus-s\ci4\system\Common.php(1089): CodeIgniter\View\View->render('/loket/ambil_lo...', Array, true)
#4 C:\xampp\htdocs\uas-loket-shobahus-s\ci4\app\Controllers\Loket.php(73): view('/loket/ambil_lo...', Array)
#5 C:\xampp\htdocs\uas-loket-shobahus-s\ci4\system\CodeIgniter.php(832): App\Controllers\Loket->panggil('<https:', 'pngimage.net', 'wp-content', 'uploads', '2018', '06', 'logo-rumah-saki...')
#6 C:\xampp\htdocs\uas-loket-shobahus-s\ci4\system\CodeIgniter.php(419): CodeIgniter\CodeIgniter->runController(Object(App\Controllers\Loket))
#7 C:\xampp\htdocs\uas-loket-shobahus-s\ci4\system\CodeIgniter.php(326): CodeIgniter\CodeIgniter->handleRequest(NULL, Object(Config\Cache), false)
#8 C:\xampp\htdocs\uas-loket-shobahus-s\ci4\public\index.php(37): CodeIgniter\CodeIgniter->run()
#9 C:\xampp\htdocs\uas-loket-shobahus-s\ci4\system\Commands\Server\rewrite.php(43): require_once('C:\\xampp\\htdocs...')
#10 {main}
CRITICAL - 2022-07-12 08:06:10 --> Trying to access array offset on value of type null
#0 C:\xampp\htdocs\uas-loket-shobahus-s\ci4\app\Views\loket\ambil_loket.php(12): CodeIgniter\Debug\Exceptions->errorHandler(2, 'Trying to acces...', 'C:\\xampp\\htdocs...', 12)
#1 C:\xampp\htdocs\uas-loket-shobahus-s\ci4\system\View\View.php(210): include('C:\\xampp\\htdocs...')
#2 C:\xampp\htdocs\uas-loket-shobahus-s\ci4\system\View\View.php(213): CodeIgniter\View\View->CodeIgniter\View\{closure}()
#3 C:\xampp\htdocs\uas-loket-shobahus-s\ci4\system\Common.php(1089): CodeIgniter\View\View->render('/loket/ambil_lo...', Array, true)
#4 C:\xampp\htdocs\uas-loket-shobahus-s\ci4\app\Controllers\Loket.php(73): view('/loket/ambil_lo...', Array)
#5 C:\xampp\htdocs\uas-loket-shobahus-s\ci4\system\CodeIgniter.php(832): App\Controllers\Loket->panggil('<https:', 'pngimage.net', 'wp-content', 'uploads', '2018', '06', 'logo-rumah-saki...')
#6 C:\xampp\htdocs\uas-loket-shobahus-s\ci4\system\CodeIgniter.php(419): CodeIgniter\CodeIgniter->runController(Object(App\Controllers\Loket))
#7 C:\xampp\htdocs\uas-loket-shobahus-s\ci4\system\CodeIgniter.php(326): CodeIgniter\CodeIgniter->handleRequest(NULL, Object(Config\Cache), false)
#8 C:\xampp\htdocs\uas-loket-shobahus-s\ci4\public\index.php(37): CodeIgniter\CodeIgniter->run()
#9 C:\xampp\htdocs\uas-loket-shobahus-s\ci4\system\Commands\Server\rewrite.php(43): require_once('C:\\xampp\\htdocs...')
#10 {main}
CRITICAL - 2022-07-12 08:27:18 --> Trying to access array offset on value of type null
#0 C:\xampp\htdocs\uas-loket-shobahus-s\ci4\app\Views\loket\ambil_loket.php(12): CodeIgniter\Debug\Exceptions->errorHandler(2, 'Trying to acces...', 'C:\\xampp\\htdocs...', 12)
#1 C:\xampp\htdocs\uas-loket-shobahus-s\ci4\system\View\View.php(210): include('C:\\xampp\\htdocs...')
#2 C:\xampp\htdocs\uas-loket-shobahus-s\ci4\system\View\View.php(213): CodeIgniter\View\View->CodeIgniter\View\{closure}()
#3 C:\xampp\htdocs\uas-loket-shobahus-s\ci4\system\Common.php(1089): CodeIgniter\View\View->render('/loket/ambil_lo...', Array, true)
#4 C:\xampp\htdocs\uas-loket-shobahus-s\ci4\app\Controllers\Loket.php(73): view('/loket/ambil_lo...', Array)
#5 C:\xampp\htdocs\uas-loket-shobahus-s\ci4\system\CodeIgniter.php(832): App\Controllers\Loket->panggil('<https:', 'pngimage.net', 'wp-content', 'uploads', '2018', '06', 'logo-rumah-saki...')
#6 C:\xampp\htdocs\uas-loket-shobahus-s\ci4\system\CodeIgniter.php(419): CodeIgniter\CodeIgniter->runController(Object(App\Controllers\Loket))
#7 C:\xampp\htdocs\uas-loket-shobahus-s\ci4\system\CodeIgniter.php(326): CodeIgniter\CodeIgniter->handleRequest(NULL, Object(Config\Cache), false)
#8 C:\xampp\htdocs\uas-loket-shobahus-s\ci4\public\index.php(37): CodeIgniter\CodeIgniter->run()
#9 C:\xampp\htdocs\uas-loket-shobahus-s\ci4\system\Commands\Server\rewrite.php(43): require_once('C:\\xampp\\htdocs...')
#10 {main}
CRITICAL - 2022-07-12 08:28:40 --> Trying to access array offset on value of type null
#0 C:\xampp\htdocs\uas-loket-shobahus-s\ci4\app\Views\loket\ambil_loket.php(12): CodeIgniter\Debug\Exceptions->errorHandler(2, 'Trying to acces...', 'C:\\xampp\\htdocs...', 12)
#1 C:\xampp\htdocs\uas-loket-shobahus-s\ci4\system\View\View.php(210): include('C:\\xampp\\htdocs...')
#2 C:\xampp\htdocs\uas-loket-shobahus-s\ci4\system\View\View.php(213): CodeIgniter\View\View->CodeIgniter\View\{closure}()
#3 C:\xampp\htdocs\uas-loket-shobahus-s\ci4\system\Common.php(1089): CodeIgniter\View\View->render('/loket/ambil_lo...', Array, true)
#4 C:\xampp\htdocs\uas-loket-shobahus-s\ci4\app\Controllers\Loket.php(73): view('/loket/ambil_lo...', Array)
#5 C:\xampp\htdocs\uas-loket-shobahus-s\ci4\system\CodeIgniter.php(832): App\Controllers\Loket->panggil('<https:', 'pngimage.net', 'wp-content', 'uploads', '2018', '06', 'logo-rumah-saki...')
#6 C:\xampp\htdocs\uas-loket-shobahus-s\ci4\system\CodeIgniter.php(419): CodeIgniter\CodeIgniter->runController(Object(App\Controllers\Loket))
#7 C:\xampp\htdocs\uas-loket-shobahus-s\ci4\system\CodeIgniter.php(326): CodeIgniter\CodeIgniter->handleRequest(NULL, Object(Config\Cache), false)
#8 C:\xampp\htdocs\uas-loket-shobahus-s\ci4\public\index.php(37): CodeIgniter\CodeIgniter->run()
#9 C:\xampp\htdocs\uas-loket-shobahus-s\ci4\system\Commands\Server\rewrite.php(43): require_once('C:\\xampp\\htdocs...')
#10 {main}
CRITICAL - 2022-07-12 08:28:50 --> Trying to access array offset on value of type null
#0 C:\xampp\htdocs\uas-loket-shobahus-s\ci4\app\Views\loket\ambil_loket.php(12): CodeIgniter\Debug\Exceptions->errorHandler(2, 'Trying to acces...', 'C:\\xampp\\htdocs...', 12)
#1 C:\xampp\htdocs\uas-loket-shobahus-s\ci4\system\View\View.php(210): include('C:\\xampp\\htdocs...')
#2 C:\xampp\htdocs\uas-loket-shobahus-s\ci4\system\View\View.php(213): CodeIgniter\View\View->CodeIgniter\View\{closure}()
#3 C:\xampp\htdocs\uas-loket-shobahus-s\ci4\system\Common.php(1089): CodeIgniter\View\View->render('/loket/ambil_lo...', Array, true)
#4 C:\xampp\htdocs\uas-loket-shobahus-s\ci4\app\Controllers\Loket.php(73): view('/loket/ambil_lo...', Array)
#5 C:\xampp\htdocs\uas-loket-shobahus-s\ci4\system\CodeIgniter.php(832): App\Controllers\Loket->panggil('<https:', 'pngimage.net', 'wp-content', 'uploads', '2018', '06', 'logo-rumah-saki...')
#6 C:\xampp\htdocs\uas-loket-shobahus-s\ci4\system\CodeIgniter.php(419): CodeIgniter\CodeIgniter->runController(Object(App\Controllers\Loket))
#7 C:\xampp\htdocs\uas-loket-shobahus-s\ci4\system\CodeIgniter.php(326): CodeIgniter\CodeIgniter->handleRequest(NULL, Object(Config\Cache), false)
#8 C:\xampp\htdocs\uas-loket-shobahus-s\ci4\public\index.php(37): CodeIgniter\CodeIgniter->run()
#9 C:\xampp\htdocs\uas-loket-shobahus-s\ci4\system\Commands\Server\rewrite.php(43): require_once('C:\\xampp\\htdocs...')
#10 {main}
CRITICAL - 2022-07-12 08:31:23 --> Trying to access array offset on value of type null
#0 C:\xampp\htdocs\uas-loket-shobahus-s\ci4\app\Views\loket\ambil_loket.php(12): CodeIgniter\Debug\Exceptions->errorHandler(2, 'Trying to acces...', 'C:\\xampp\\htdocs...', 12)
#1 C:\xampp\htdocs\uas-loket-shobahus-s\ci4\system\View\View.php(210): include('C:\\xampp\\htdocs...')
#2 C:\xampp\htdocs\uas-loket-shobahus-s\ci4\system\View\View.php(213): CodeIgniter\View\View->CodeIgniter\View\{closure}()
#3 C:\xampp\htdocs\uas-loket-shobahus-s\ci4\system\Common.php(1089): CodeIgniter\View\View->render('/loket/ambil_lo...', Array, true)
#4 C:\xampp\htdocs\uas-loket-shobahus-s\ci4\app\Controllers\Loket.php(73): view('/loket/ambil_lo...', Array)
#5 C:\xampp\htdocs\uas-loket-shobahus-s\ci4\system\CodeIgniter.php(832): App\Controllers\Loket->panggil('<https:', 'pngimage.net', 'wp-content', 'uploads', '2018', '06', 'logo-rumah-saki...')
#6 C:\xampp\htdocs\uas-loket-shobahus-s\ci4\system\CodeIgniter.php(419): CodeIgniter\CodeIgniter->runController(Object(App\Controllers\Loket))
#7 C:\xampp\htdocs\uas-loket-shobahus-s\ci4\system\CodeIgniter.php(326): CodeIgniter\CodeIgniter->handleRequest(NULL, Object(Config\Cache), false)
#8 C:\xampp\htdocs\uas-loket-shobahus-s\ci4\public\index.php(37): CodeIgniter\CodeIgniter->run()
#9 C:\xampp\htdocs\uas-loket-shobahus-s\ci4\system\Commands\Server\rewrite.php(43): require_once('C:\\xampp\\htdocs...')
#10 {main}
CRITICAL - 2022-07-12 08:31:31 --> Trying to access array offset on value of type null
#0 C:\xampp\htdocs\uas-loket-shobahus-s\ci4\app\Views\loket\ambil_loket.php(12): CodeIgniter\Debug\Exceptions->errorHandler(2, 'Trying to acces...', 'C:\\xampp\\htdocs...', 12)
#1 C:\xampp\htdocs\uas-loket-shobahus-s\ci4\system\View\View.php(210): include('C:\\xampp\\htdocs...')
#2 C:\xampp\htdocs\uas-loket-shobahus-s\ci4\system\View\View.php(213): CodeIgniter\View\View->CodeIgniter\View\{closure}()
#3 C:\xampp\htdocs\uas-loket-shobahus-s\ci4\system\Common.php(1089): CodeIgniter\View\View->render('/loket/ambil_lo...', Array, true)
#4 C:\xampp\htdocs\uas-loket-shobahus-s\ci4\app\Controllers\Loket.php(73): view('/loket/ambil_lo...', Array)
#5 C:\xampp\htdocs\uas-loket-shobahus-s\ci4\system\CodeIgniter.php(832): App\Controllers\Loket->panggil('<https:', 'pngimage.net', 'wp-content', 'uploads', '2018', '06', 'logo-rumah-saki...')
#6 C:\xampp\htdocs\uas-loket-shobahus-s\ci4\system\CodeIgniter.php(419): CodeIgniter\CodeIgniter->runController(Object(App\Controllers\Loket))
#7 C:\xampp\htdocs\uas-loket-shobahus-s\ci4\system\CodeIgniter.php(326): CodeIgniter\CodeIgniter->handleRequest(NULL, Object(Config\Cache), false)
#8 C:\xampp\htdocs\uas-loket-shobahus-s\ci4\public\index.php(37): CodeIgniter\CodeIgniter->run()
#9 C:\xampp\htdocs\uas-loket-shobahus-s\ci4\system\Commands\Server\rewrite.php(43): require_once('C:\\xampp\\htdocs...')
#10 {main}
CRITICAL - 2022-07-12 16:09:08 --> Trying to access array offset on value of type null
#0 C:\xampp\htdocs\uas-loket-shobahus-s\ci4\app\Views\loket\ambil_loket.php(12): CodeIgniter\Debug\Exceptions->errorHandler(2, 'Trying to acces...', 'C:\\xampp\\htdocs...', 12)
#1 C:\xampp\htdocs\uas-loket-shobahus-s\ci4\system\View\View.php(210): include('C:\\xampp\\htdocs...')
#2 C:\xampp\htdocs\uas-loket-shobahus-s\ci4\system\View\View.php(213): CodeIgniter\View\View->CodeIgniter\View\{closure}()
#3 C:\xampp\htdocs\uas-loket-shobahus-s\ci4\system\Common.php(1089): CodeIgniter\View\View->render('/loket/ambil_lo...', Array, true)
#4 C:\xampp\htdocs\uas-loket-shobahus-s\ci4\app\Controllers\Loket.php(73): view('/loket/ambil_lo...', Array)
#5 C:\xampp\htdocs\uas-loket-shobahus-s\ci4\system\CodeIgniter.php(832): App\Controllers\Loket->panggil('<https:', 'pngimage.net', 'wp-content', 'uploads', '2018', '06', 'logo-rumah-saki...')
#6 C:\xampp\htdocs\uas-loket-shobahus-s\ci4\system\CodeIgniter.php(419): CodeIgniter\CodeIgniter->runController(Object(App\Controllers\Loket))
#7 C:\xampp\htdocs\uas-loket-shobahus-s\ci4\system\CodeIgniter.php(326): CodeIgniter\CodeIgniter->handleRequest(NULL, Object(Config\Cache), false)
#8 C:\xampp\htdocs\uas-loket-shobahus-s\ci4\public\index.php(37): CodeIgniter\CodeIgniter->run()
#9 C:\xampp\htdocs\uas-loket-shobahus-s\ci4\system\Commands\Server\rewrite.php(43): require_once('C:\\xampp\\htdocs...')
#10 {main}
CRITICAL - 2022-07-12 16:11:08 --> Trying to access array offset on value of type null
#0 C:\xampp\htdocs\uas-loket-shobahus-s\ci4\app\Views\loket\ambil_loket.php(12): CodeIgniter\Debug\Exceptions->errorHandler(2, 'Trying to acces...', 'C:\\xampp\\htdocs...', 12)
#1 C:\xampp\htdocs\uas-loket-shobahus-s\ci4\system\View\View.php(210): include('C:\\xampp\\htdocs...')
#2 C:\xampp\htdocs\uas-loket-shobahus-s\ci4\system\View\View.php(213): CodeIgniter\View\View->CodeIgniter\View\{closure}()
#3 C:\xampp\htdocs\uas-loket-shobahus-s\ci4\system\Common.php(1089): CodeIgniter\View\View->render('/loket/ambil_lo...', Array, true)
#4 C:\xampp\htdocs\uas-loket-shobahus-s\ci4\app\Controllers\Loket.php(73): view('/loket/ambil_lo...', Array)
#5 C:\xampp\htdocs\uas-loket-shobahus-s\ci4\system\CodeIgniter.php(832): App\Controllers\Loket->panggil('<https:', 'pngimage.net', 'wp-content', 'uploads', '2018', '06', 'logo-rumah-saki...')
#6 C:\xampp\htdocs\uas-loket-shobahus-s\ci4\system\CodeIgniter.php(419): CodeIgniter\CodeIgniter->runController(Object(App\Controllers\Loket))
#7 C:\xampp\htdocs\uas-loket-shobahus-s\ci4\system\CodeIgniter.php(326): CodeIgniter\CodeIgniter->handleRequest(NULL, Object(Config\Cache), false)
#8 C:\xampp\htdocs\uas-loket-shobahus-s\ci4\public\index.php(37): CodeIgniter\CodeIgniter->run()
#9 C:\xampp\htdocs\uas-loket-shobahus-s\ci4\system\Commands\Server\rewrite.php(43): require_once('C:\\xampp\\htdocs...')
#10 {main}
CRITICAL - 2022-07-12 16:35:22 --> Trying to access array offset on value of type null
#0 C:\xampp\htdocs\uas-loket-shobahus-s\ci4\app\Views\loket\ambil_loket.php(12): CodeIgniter\Debug\Exceptions->errorHandler(2, 'Trying to acces...', 'C:\\xampp\\htdocs...', 12)
#1 C:\xampp\htdocs\uas-loket-shobahus-s\ci4\system\View\View.php(210): include('C:\\xampp\\htdocs...')
#2 C:\xampp\htdocs\uas-loket-shobahus-s\ci4\system\View\View.php(213): CodeIgniter\View\View->CodeIgniter\View\{closure}()
#3 C:\xampp\htdocs\uas-loket-shobahus-s\ci4\system\Common.php(1089): CodeIgniter\View\View->render('/loket/ambil_lo...', Array, true)
#4 C:\xampp\htdocs\uas-loket-shobahus-s\ci4\app\Controllers\Loket.php(73): view('/loket/ambil_lo...', Array)
#5 C:\xampp\htdocs\uas-loket-shobahus-s\ci4\system\CodeIgniter.php(832): App\Controllers\Loket->panggil('<https:', 'pngimage.net', 'wp-content', 'uploads', '2018', '06', 'logo-rumah-saki...')
#6 C:\xampp\htdocs\uas-loket-shobahus-s\ci4\system\CodeIgniter.php(419): CodeIgniter\CodeIgniter->runController(Object(App\Controllers\Loket))
#7 C:\xampp\htdocs\uas-loket-shobahus-s\ci4\system\CodeIgniter.php(326): CodeIgniter\CodeIgniter->handleRequest(NULL, Object(Config\Cache), false)
#8 C:\xampp\htdocs\uas-loket-shobahus-s\ci4\public\index.php(37): CodeIgniter\CodeIgniter->run()
#9 C:\xampp\htdocs\uas-loket-shobahus-s\ci4\system\Commands\Server\rewrite.php(43): require_once('C:\\xampp\\htdocs...')
#10 {main}
CRITICAL - 2022-07-12 16:35:27 --> Trying to access array offset on value of type null
#0 C:\xampp\htdocs\uas-loket-shobahus-s\ci4\app\Views\loket\ambil_loket.php(12): CodeIgniter\Debug\Exceptions->errorHandler(2, 'Trying to acces...', 'C:\\xampp\\htdocs...', 12)
#1 C:\xampp\htdocs\uas-loket-shobahus-s\ci4\system\View\View.php(210): include('C:\\xampp\\htdocs...')
#2 C:\xampp\htdocs\uas-loket-shobahus-s\ci4\system\View\View.php(213): CodeIgniter\View\View->CodeIgniter\View\{closure}()
#3 C:\xampp\htdocs\uas-loket-shobahus-s\ci4\system\Common.php(1089): CodeIgniter\View\View->render('/loket/ambil_lo...', Array, true)
#4 C:\xampp\htdocs\uas-loket-shobahus-s\ci4\app\Controllers\Loket.php(73): view('/loket/ambil_lo...', Array)
#5 C:\xampp\htdocs\uas-loket-shobahus-s\ci4\system\CodeIgniter.php(832): App\Controllers\Loket->panggil('<https:', 'pngimage.net', 'wp-content', 'uploads', '2018', '06', 'logo-rumah-saki...')
#6 C:\xampp\htdocs\uas-loket-shobahus-s\ci4\system\CodeIgniter.php(419): CodeIgniter\CodeIgniter->runController(Object(App\Controllers\Loket))
#7 C:\xampp\htdocs\uas-loket-shobahus-s\ci4\system\CodeIgniter.php(326): CodeIgniter\CodeIgniter->handleRequest(NULL, Object(Config\Cache), false)
#8 C:\xampp\htdocs\uas-loket-shobahus-s\ci4\public\index.php(37): CodeIgniter\CodeIgniter->run()
#9 C:\xampp\htdocs\uas-loket-shobahus-s\ci4\system\Commands\Server\rewrite.php(43): require_once('C:\\xampp\\htdocs...')
#10 {main}
CRITICAL - 2022-07-12 16:49:18 --> Trying to access array offset on value of type null
#0 C:\xampp\htdocs\uas-loket-shobahus-s\ci4\app\Views\loket\ambil_loket.php(12): CodeIgniter\Debug\Exceptions->errorHandler(2, 'Trying to acces...', 'C:\\xampp\\htdocs...', 12)
#1 C:\xampp\htdocs\uas-loket-shobahus-s\ci4\system\View\View.php(210): include('C:\\xampp\\htdocs...')
#2 C:\xampp\htdocs\uas-loket-shobahus-s\ci4\system\View\View.php(213): CodeIgniter\View\View->CodeIgniter\View\{closure}()
#3 C:\xampp\htdocs\uas-loket-shobahus-s\ci4\system\Common.php(1089): CodeIgniter\View\View->render('/loket/ambil_lo...', Array, true)
#4 C:\xampp\htdocs\uas-loket-shobahus-s\ci4\app\Controllers\Loket.php(73): view('/loket/ambil_lo...', Array)
#5 C:\xampp\htdocs\uas-loket-shobahus-s\ci4\system\CodeIgniter.php(832): App\Controllers\Loket->panggil('<https:', 'pngimage.net', 'wp-content', 'uploads', '2018', '06', 'logo-rumah-saki...')
#6 C:\xampp\htdocs\uas-loket-shobahus-s\ci4\system\CodeIgniter.php(419): CodeIgniter\CodeIgniter->runController(Object(App\Controllers\Loket))
#7 C:\xampp\htdocs\uas-loket-shobahus-s\ci4\system\CodeIgniter.php(326): CodeIgniter\CodeIgniter->handleRequest(NULL, Object(Config\Cache), false)
#8 C:\xampp\htdocs\uas-loket-shobahus-s\ci4\public\index.php(37): CodeIgniter\CodeIgniter->run()
#9 C:\xampp\htdocs\uas-loket-shobahus-s\ci4\system\Commands\Server\rewrite.php(43): require_once('C:\\xampp\\htdocs...')
#10 {main}
CRITICAL - 2022-07-12 16:49:34 --> Trying to access array offset on value of type null
#0 C:\xampp\htdocs\uas-loket-shobahus-s\ci4\app\Views\loket\ambil_loket.php(12): CodeIgniter\Debug\Exceptions->errorHandler(2, 'Trying to acces...', 'C:\\xampp\\htdocs...', 12)
#1 C:\xampp\htdocs\uas-loket-shobahus-s\ci4\system\View\View.php(210): include('C:\\xampp\\htdocs...')
#2 C:\xampp\htdocs\uas-loket-shobahus-s\ci4\system\View\View.php(213): CodeIgniter\View\View->CodeIgniter\View\{closure}()
#3 C:\xampp\htdocs\uas-loket-shobahus-s\ci4\system\Common.php(1089): CodeIgniter\View\View->render('/loket/ambil_lo...', Array, true)
#4 C:\xampp\htdocs\uas-loket-shobahus-s\ci4\app\Controllers\Loket.php(73): view('/loket/ambil_lo...', Array)
#5 C:\xampp\htdocs\uas-loket-shobahus-s\ci4\system\CodeIgniter.php(832): App\Controllers\Loket->panggil('<https:', 'pngimage.net', 'wp-content', 'uploads', '2018', '06', 'logo-rumah-saki...')
#6 C:\xampp\htdocs\uas-loket-shobahus-s\ci4\system\CodeIgniter.php(419): CodeIgniter\CodeIgniter->runController(Object(App\Controllers\Loket))
#7 C:\xampp\htdocs\uas-loket-shobahus-s\ci4\system\CodeIgniter.php(326): CodeIgniter\CodeIgniter->handleRequest(NULL, Object(Config\Cache), false)
#8 C:\xampp\htdocs\uas-loket-shobahus-s\ci4\public\index.php(37): CodeIgniter\CodeIgniter->run()
#9 C:\xampp\htdocs\uas-loket-shobahus-s\ci4\system\Commands\Server\rewrite.php(43): require_once('C:\\xampp\\htdocs...')
#10 {main}
